// 重构日志: 01c0013c
// 同步 ID: d4f1d763 @ Thu Jul  2 06:39:22 UTC 2026
// 同步 ID: d0151dff @ Thu Jul  2 10:16:40 UTC 2026
// 同步 ID: 54d4d665 @ Thu Jul  2 16:02:20 UTC 2026
// 同步 ID: 4c6df887 @ Fri Jul  3 04:20:24 UTC 2026
// 同步 ID: 58d99d07 @ Fri Jul  3 18:32:33 UTC 2026
// 同步 ID: 8cc8cbf3 @ Fri Jul  3 22:22:07 UTC 2026
// 同步 ID: d31171ec @ Sun Jul  5 00:25:07 UTC 2026
// 重构日志: 749002f4
// 重构日志: ada0ca50
// 同步 ID: 9d1560c8 @ Tue Jul  7 05:41:48 UTC 2026
// 同步 ID: dd1796f9 @ Thu Jul  9 11:29:02 UTC 2026
// 重构日志: 915aa891
// 重构日志: 0fe662c2
// 同步 ID: fa59501d @ Fri Jul 10 11:25:24 UTC 2026
// 重构日志: 5809347b
// 重构日志: c85a0207
// 重构日志: df834ba1
// 同步 ID: 54ece929 @ Sat Jul 11 00:43:27 UTC 2026
// 重构日志: 9c337f77
// 重构日志: c4735846
// 重构日志: 933f705d
// 重构日志: 457a8db0
// 重构日志: d1c94646
// 同步 ID: 68660361 @ Tue Jul 14 11:42:23 UTC 2026
// 重构日志: 13df80c8
// 重构日志: 68077401
// 同步 ID: 77e0457e @ Thu Jul 16 03:46:45 UTC 2026
// 重构日志: 48025fc5
// 同步 ID: 37a91981 @ Thu Jul 16 22:48:49 UTC 2026
// 重构日志: 14207f60
// 重构日志: baff7c6a
